<?xml version="1.0" encoding="UTF-8"?>
<!-- Generated by org.testng.reporters.JUnitXMLReporter -->
<testsuite hostname="DESKTOP-ABG1N84" ignored="0" name="Test" tests="9" failures="3" timestamp="31 Jan 2020 09:18:07 GMT" time="161.026" errors="0">
  <testcase name="@BeforeMethod setUp" time="14.645" classname="com.crm.qa.tests.RegistrationTest">
    <failure type="org.openqa.selenium.WebDriverException" message="chrome not reachable
  (Session info: chrome=79.0.3945.130)
Build info: version: &amp;apos;4.0.0-alpha-3&amp;apos;, revision: &amp;apos;8c567de6dc&amp;apos;
System info: host: &amp;apos;DESKTOP-ABG1N84&amp;apos;, ip: &amp;apos;169.254.0.127&amp;apos;, os.name: &amp;apos;Windows 10&amp;apos;, os.arch: &amp;apos;amd64&amp;apos;, os.version: &amp;apos;10.0&amp;apos;, java.version: &amp;apos;1.8.0_191&amp;apos;
Driver info: org.openqa.selenium.chrome.ChromeDriver
Capabilities {acceptInsecureCerts: false, browserName: chrome, browserVersion: 79.0.3945.130, chrome: {chromedriverVersion: 78.0.3904.105 (60e2d8774a81..., userDataDir: C:\Users\ue\AppData\Local\T...}, goog:chromeOptions: {debuggerAddress: localhost:23009}, javascriptEnabled: true, networkConnectionEnabled: false, pageLoadStrategy: normal, platform: XP, platformName: XP, proxy: Proxy(), setWindowRect: true, strictFileInteractability: false, timeouts: {implicit: 0, pageLoad: 300000, script: 30000}, unhandledPromptBehavior: dismiss and notify}
Session ID: 101ffb4981c3631eaac213c6b2d7b79a
*** Element info: {Using=xpath, value=//a[contains(.,&amp;apos;My Account&amp;apos;)]}">
      <![CDATA[org.openqa.selenium.WebDriverException: chrome not reachable
  (Session info: chrome=79.0.3945.130)
Build info: version: '4.0.0-alpha-3', revision: '8c567de6dc'
System info: host: 'DESKTOP-ABG1N84', ip: '169.254.0.127', os.name: 'Windows 10', os.arch: 'amd64', os.version: '10.0', java.version: '1.8.0_191'
Driver info: org.openqa.selenium.chrome.ChromeDriver
Capabilities {acceptInsecureCerts: false, browserName: chrome, browserVersion: 79.0.3945.130, chrome: {chromedriverVersion: 78.0.3904.105 (60e2d8774a81..., userDataDir: C:\Users\ue\AppData\Local\T...}, goog:chromeOptions: {debuggerAddress: localhost:23009}, javascriptEnabled: true, networkConnectionEnabled: false, pageLoadStrategy: normal, platform: XP, platformName: XP, proxy: Proxy(), setWindowRect: true, strictFileInteractability: false, timeouts: {implicit: 0, pageLoad: 300000, script: 30000}, unhandledPromptBehavior: dismiss and notify}
Session ID: 101ffb4981c3631eaac213c6b2d7b79a
*** Element info: {Using=xpath, value=//a[contains(.,'My Account')]}
at org.openqa.selenium.remote.codec.w3c.W3CHttpResponseCodec.createException(W3CHttpResponseCodec.java:191)
at org.openqa.selenium.remote.codec.w3c.W3CHttpResponseCodec.decode(W3CHttpResponseCodec.java:125)
at org.openqa.selenium.remote.codec.w3c.W3CHttpResponseCodec.decode(W3CHttpResponseCodec.java:52)
at org.openqa.selenium.remote.HttpCommandExecutor.execute(HttpCommandExecutor.java:161)
at org.openqa.selenium.remote.service.DriverCommandExecutor.execute(DriverCommandExecutor.java:83)
at org.openqa.selenium.remote.RemoteWebDriver.execute(RemoteWebDriver.java:576)
at org.openqa.selenium.remote.RemoteWebDriver.findElement(RemoteWebDriver.java:327)
at org.openqa.selenium.remote.RemoteWebDriver.findElementByXPath(RemoteWebDriver.java:445)
at org.openqa.selenium.By$ByXPath.findElement(By.java:396)
at org.openqa.selenium.remote.RemoteWebDriver.findElement(RemoteWebDriver.java:319)
at org.openqa.selenium.support.pagefactory.DefaultElementLocator.findElement(DefaultElementLocator.java:70)
at org.openqa.selenium.support.pagefactory.internal.LocatingElementHandler.invoke(LocatingElementHandler.java:39)
at com.sun.proxy.$Proxy10.click(Unknown Source)
at com.crm.qa.pages.RegistrationPage.clickbutton(RegistrationPage.java:220)
at com.crm.qa.tests.RegistrationTest.setUp(RegistrationTest.java:88)
... Removed 32 stack frames]]>
    </failure>
  </testcase> <!-- @BeforeMethod setUp -->
  <testcase name="@AfterMethod tearDown" time="0.0" classname="com.crm.qa.tests.RegistrationTest">
    <skipped/>
  </testcase> <!-- @AfterMethod tearDown -->
  <testcase name="@BeforeMethod setUp" time="0.0" classname="com.crm.qa.tests.RegistrationTest">
    <skipped/>
  </testcase> <!-- @BeforeMethod setUp -->
  <testcase name="@AfterMethod tearDown" time="0.0" classname="com.crm.qa.tests.RegistrationTest">
    <skipped/>
  </testcase> <!-- @AfterMethod tearDown -->
  <testcase name="@BeforeMethod setUp" time="0.0" classname="com.crm.qa.tests.RegistrationTest">
    <skipped/>
  </testcase> <!-- @BeforeMethod setUp -->
  <testcase name="@AfterMethod tearDown" time="0.0" classname="com.crm.qa.tests.RegistrationTest">
    <skipped/>
  </testcase> <!-- @AfterMethod tearDown -->
  <testcase name="@BeforeMethod setUp" time="0.0" classname="com.crm.qa.tests.RegistrationTest">
    <skipped/>
  </testcase> <!-- @BeforeMethod setUp -->
  <testcase name="@AfterMethod tearDown" time="0.0" classname="com.crm.qa.tests.RegistrationTest">
    <skipped/>
  </testcase> <!-- @AfterMethod tearDown -->
  <testcase name="@BeforeMethod setUp" time="0.0" classname="com.crm.qa.tests.RegistrationTest">
    <skipped/>
  </testcase> <!-- @BeforeMethod setUp -->
  <testcase name="@AfterMethod tearDown" time="0.0" classname="com.crm.qa.tests.RegistrationTest">
    <skipped/>
  </testcase> <!-- @AfterMethod tearDown -->
  <testcase name="ShoppingcartTest1" time="0.01" classname="com.crm.qa.tests.ShoppingCartTest">
    <failure type="java.lang.NullPointerException">
      <![CDATA[java.lang.NullPointerException
at com.crm.qa.tests.ShoppingCartTest.ShoppingcartTest1(ShoppingCartTest.java:26)
... Removed 25 stack frames]]>
    </failure>
  </testcase> <!-- ShoppingcartTest1 -->
  <testcase name="CheckoutTest1" time="51.222" classname="com.crm.qa.tests.FinalCheckoutTest">
    <failure type="org.openqa.selenium.NoSuchElementException" message="Cannot locate an element using xpath=//input[@onclick=&amp;apos;submitStep(1);&amp;apos;]
For documentation on this error, please visit: https://www.seleniumhq.org/exceptions/no_such_element.html
Build info: version: &amp;apos;4.0.0-alpha-3&amp;apos;, revision: &amp;apos;8c567de6dc&amp;apos;
System info: host: &amp;apos;DESKTOP-ABG1N84&amp;apos;, ip: &amp;apos;169.254.0.127&amp;apos;, os.name: &amp;apos;Windows 10&amp;apos;, os.arch: &amp;apos;amd64&amp;apos;, os.version: &amp;apos;10.0&amp;apos;, java.version: &amp;apos;1.8.0_191&amp;apos;
Driver info: driver.version: RemoteWebDriver">
      <![CDATA[org.openqa.selenium.NoSuchElementException: Cannot locate an element using xpath=//input[@onclick='submitStep(1);']
For documentation on this error, please visit: https://www.seleniumhq.org/exceptions/no_such_element.html
Build info: version: '4.0.0-alpha-3', revision: '8c567de6dc'
System info: host: 'DESKTOP-ABG1N84', ip: '169.254.0.127', os.name: 'Windows 10', os.arch: 'amd64', os.version: '10.0', java.version: '1.8.0_191'
Driver info: driver.version: RemoteWebDriver
at org.openqa.selenium.remote.RemoteWebDriver.findElement(RemoteWebDriver.java:330)
at org.openqa.selenium.remote.RemoteWebDriver.findElementByXPath(RemoteWebDriver.java:445)
at org.openqa.selenium.By$ByXPath.findElement(By.java:396)
at org.openqa.selenium.remote.RemoteWebDriver.findElement(RemoteWebDriver.java:319)
at com.crm.qa.pages.FinalCheckoutPage.validateinvalidProduct(FinalCheckoutPage.java:74)
at com.crm.qa.tests.FinalCheckoutTest.CheckoutTest1(FinalCheckoutTest.java:28)
... Removed 25 stack frames]]>
    </failure>
  </testcase> <!-- CheckoutTest1 -->
  <testcase name="CheckoutTest1" time="0.002" classname="com.crm.qa.tests.CheckoutTest">
    <failure type="java.lang.NoClassDefFoundError" message="com/crm/qa/pages/CheckoutPage">
      <![CDATA[java.lang.NoClassDefFoundError: com/crm/qa/pages/CheckoutPage
at com.crm.qa.tests.CheckoutTest.CheckoutTest1(CheckoutTest.java:25)
Caused by: java.lang.ClassNotFoundException: com.crm.qa.pages.CheckoutPage
at java.net.URLClassLoader.findClass(URLClassLoader.java:382)
at java.lang.ClassLoader.loadClass(ClassLoader.java:424)
at sun.misc.Launcher$AppClassLoader.loadClass(Launcher.java:349)
at java.lang.ClassLoader.loadClass(ClassLoader.java:357)
... 26 more
... Removed 25 stack frames]]>
    </failure>
  </testcase> <!-- CheckoutTest1 -->
  <testcase name="RegistrationTest1" time="0.0" classname="com.crm.qa.tests.RegistrationTest">
    <skipped/>
  </testcase> <!-- RegistrationTest1 -->
  <testcase name="RegistrationTest1" time="0.0" classname="com.crm.qa.tests.RegistrationTest">
    <skipped/>
  </testcase> <!-- RegistrationTest1 -->
  <testcase name="RegistrationTest1" time="0.0" classname="com.crm.qa.tests.RegistrationTest">
    <skipped/>
  </testcase> <!-- RegistrationTest1 -->
  <testcase name="RegistrationTest1" time="0.0" classname="com.crm.qa.tests.RegistrationTest">
    <skipped/>
  </testcase> <!-- RegistrationTest1 -->
  <testcase name="test1" time="0.0" classname="com.crm.qa.tests.RegistrationTest">
    <skipped/>
  </testcase> <!-- test1 -->
  <testcase name="loginpageTitleTest" time="0.1" classname="com.crm.qa.tests.LoginPageTest"/>
</testsuite> <!-- Test -->
